# JRE version: OpenJDK Runtime Environment (21.0.6) (build 21.0.6+-13391695-b895.109)
# Java VM: OpenJDK 64-Bit Server VM (21.0.6+-13391695-b895.109, mixed mode, tiered, compressed oops, compressed class ptrs, g1 gc, windows-amd64)
GC Precious Log:
 CardTable entry size: 512
 Card Set container configuration: InlinePtr #cards 5 size 8 Array Of Cards #cards 12 size 40 Howl #buckets 4 coarsen threshold 1843 Howl Bitmap #cards 512 size 80 coarsen threshold 460 Card regions per heap region 1 cards per card region 2048
 CPUs: 8 total, 8 available
 Memory: 16144M
 Large Page Support: Disabled
 NUMA Support: Disabled
 Compressed Oops: Enabled (32-bit)
 Heap Region Size: 1M
 Heap Min Capacity: 8M
 Heap Initial Capacity: 254M
 Heap Max Capacity: 2G
 Pre-touch: Disabled
 Parallel Workers: 8
 Concurrent Workers: 2
 Concurrent Refinement Workers: 8
 Periodic GC: Disabled
Heap:
 garbage-first heap   total 438272K, used 353440K [0x0000000080000000, 0x0000000100000000)
  region size 1024K, 159 young (162816K), 10 survivors (10240K)
 Metaspace       used 158682K, committed 161152K, reserved 1245184K
  class space    used 20031K, committed 21888K, reserved 1048576K
GC Heap History (20 events):
Event: 4289.638 GC heap before
{Heap before GC invocations=104 (full 0):
 garbage-first heap   total 407552K, used 354142K [0x0000000080000000, 0x0000000100000000)
  region size 1024K, 189 young (193536K), 12 survivors (12288K)
 Metaspace       used 157374K, committed 160384K, reserved 1245184K
  class space    used 20011K, committed 21888K, reserved 1048576K
}
Event: 4289.646 GC heap after
{Heap after GC invocations=105 (full 0):
 garbage-first heap   total 407552K, used 176265K [0x0000000080000000, 0x0000000100000000)
  region size 1024K, 15 young (15360K), 15 survivors (15360K)
 Metaspace       used 157374K, committed 160384K, reserved 1245184K
  class space    used 20011K, committed 21888K, reserved 1048576K
}
Event: 4291.456 GC heap before
{Heap before GC invocations=106 (full 0):
 garbage-first heap   total 407552K, used 353417K [0x0000000080000000, 0x0000000100000000)
  region size 1024K, 196 young (200704K), 15 survivors (15360K)
 Metaspace       used 157358K, committed 160448K, reserved 1245184K
  class space    used 19990K, committed 21888K, reserved 1048576K
}
Event: 4291.475 GC heap after
{Heap after GC invocations=107 (full 0):
 garbage-first heap   total 407552K, used 177172K [0x0000000080000000, 0x0000000100000000)
  region size 1024K, 15 young (15360K), 15 survivors (15360K)
 Metaspace       used 157358K, committed 160448K, reserved 1245184K
  class space    used 19990K, committed 21888K, reserved 1048576K
}
Event: 4447.336 GC heap before
{Heap before GC invocations=107 (full 0):
 garbage-first heap   total 407552K, used 366612K [0x0000000080000000, 0x0000000100000000)
  region size 1024K, 197 young (201728K), 15 survivors (15360K)
 Metaspace       used 158106K, committed 160704K, reserved 1245184K
  class space    used 20068K, committed 21888K, reserved 1048576K
}
Event: 4447.356 GC heap after
{Heap after GC invocations=108 (full 0):
 garbage-first heap   total 407552K, used 161986K [0x0000000080000000, 0x0000000100000000)
  region size 1024K, 25 young (25600K), 25 survivors (25600K)
 Metaspace       used 158106K, committed 160704K, reserved 1245184K
  class space    used 20068K, committed 21888K, reserved 1048576K
}
Event: 4448.288 GC heap before
{Heap before GC invocations=108 (full 0):
 garbage-first heap   total 407552K, used 300226K [0x0000000080000000, 0x0000000100000000)
  region size 1024K, 162 young (165888K), 25 survivors (25600K)
 Metaspace       used 158502K, committed 161024K, reserved 1245184K
  class space    used 20092K, committed 21888K, reserved 1048576K
}
Event: 4448.311 GC heap after
{Heap after GC invocations=109 (full 0):
 garbage-first heap   total 407552K, used 168158K [0x0000000080000000, 0x0000000100000000)
  region size 1024K, 11 young (11264K), 11 survivors (11264K)
 Metaspace       used 158502K, committed 161024K, reserved 1245184K
  class space    used 20092K, committed 21888K, reserved 1048576K
}
Event: 4594.167 GC heap before
{Heap before GC invocations=110 (full 0):
 garbage-first heap   total 407552K, used 405726K [0x0000000080000000, 0x0000000100000000)
  region size 1024K, 189 young (193536K), 11 survivors (11264K)
 Metaspace       used 158181K, committed 160960K, reserved 1245184K
  class space    used 20056K, committed 21888K, reserved 1048576K
}
Event: 4594.201 GC heap after
{Heap after GC invocations=111 (full 0):
 garbage-first heap   total 429056K, used 171014K [0x0000000080000000, 0x0000000100000000)
  region size 1024K, 21 young (21504K), 21 survivors (21504K)
 Metaspace       used 158181K, committed 160960K, reserved 1245184K
  class space    used 20056K, committed 21888K, reserved 1048576K
}
Event: 4597.711 GC heap before
{Heap before GC invocations=111 (full 0):
 garbage-first heap   total 429056K, used 373766K [0x0000000080000000, 0x0000000100000000)
  region size 1024K, 216 young (221184K), 21 survivors (21504K)
 Metaspace       used 158986K, committed 161408K, reserved 1245184K
  class space    used 20106K, committed 21888K, reserved 1048576K
}
Event: 4597.745 GC heap after
{Heap after GC invocations=112 (full 0):
 garbage-first heap   total 429056K, used 186766K [0x0000000080000000, 0x0000000100000000)
  region size 1024K, 27 young (27648K), 27 survivors (27648K)
 Metaspace       used 158986K, committed 161408K, reserved 1245184K
  class space    used 20106K, committed 21888K, reserved 1048576K
}
Event: 4598.963 GC heap before
{Heap before GC invocations=112 (full 0):
 garbage-first heap   total 429056K, used 291214K [0x0000000080000000, 0x0000000100000000)
  region size 1024K, 131 young (134144K), 27 survivors (27648K)
 Metaspace       used 159071K, committed 161536K, reserved 1245184K
  class space    used 20106K, committed 21888K, reserved 1048576K
}
Event: 4598.985 GC heap after
{Heap after GC invocations=113 (full 0):
 garbage-first heap   total 429056K, used 190976K [0x0000000080000000, 0x0000000100000000)
  region size 1024K, 8 young (8192K), 8 survivors (8192K)
 Metaspace       used 159071K, committed 161536K, reserved 1245184K
  class space    used 20106K, committed 21888K, reserved 1048576K
}
Event: 4599.768 GC heap before
{Heap before GC invocations=114 (full 0):
 garbage-first heap   total 429056K, used 373248K [0x0000000080000000, 0x0000000100000000)
  region size 1024K, 186 young (190464K), 8 survivors (8192K)
 Metaspace       used 158008K, committed 161152K, reserved 1245184K
  class space    used 20016K, committed 21888K, reserved 1048576K
}
Event: 4599.786 GC heap after
{Heap after GC invocations=115 (full 0):
 garbage-first heap   total 429056K, used 203294K [0x0000000080000000, 0x0000000100000000)
  region size 1024K, 21 young (21504K), 21 survivors (21504K)
 Metaspace       used 158008K, committed 161152K, reserved 1245184K
  class space    used 20016K, committed 21888K, reserved 1048576K
}
Event: 4600.672 GC heap before
{Heap before GC invocations=115 (full 0):
 garbage-first heap   total 429056K, used 417310K [0x0000000080000000, 0x0000000100000000)
  region size 1024K, 191 young (195584K), 21 survivors (21504K)
 Metaspace       used 158123K, committed 161152K, reserved 1245184K
  class space    used 20016K, committed 21888K, reserved 1048576K
}
Event: 4600.688 GC heap after
{Heap after GC invocations=116 (full 0):
 garbage-first heap   total 438272K, used 169616K [0x0000000080000000, 0x0000000100000000)
  region size 1024K, 3 young (3072K), 3 survivors (3072K)
 Metaspace       used 158123K, committed 161152K, reserved 1245184K
  class space    used 20016K, committed 21888K, reserved 1048576K
}
Event: 5215.185 GC heap before
{Heap before GC invocations=116 (full 0):
 garbage-first heap   total 438272K, used 266896K [0x0000000080000000, 0x0000000100000000)
  region size 1024K, 99 young (101376K), 3 survivors (3072K)
 Metaspace       used 158239K, committed 161152K, reserved 1245184K
  class space    used 20019K, committed 21888K, reserved 1048576K
}
Event: 5215.194 GC heap after
{Heap after GC invocations=117 (full 0):
 garbage-first heap   total 438272K, used 176288K [0x0000000080000000, 0x0000000100000000)
  region size 1024K, 10 young (10240K), 10 survivors (10240K)
 Metaspace       used 158239K, committed 161152K, reserved 1245184K
  class space    used 20019K, committed 21888K, reserved 1048576K
}

